Removed Pin From Net: NetName=NetR7_1 Pin=U6-6
Removed Pin From Net: NetName=SH_A Pin=U6-7
Removed Pin From Net: NetName=NetR20_1 Pin=U6-8
Removed Pin From Net: NetName=NetC39_2 Pin=U6-9
Removed Pin From Net: NetName=NetC39_1 Pin=U6-10
Removed Pin From Net: NetName=NetC40_1 Pin=U6-11
Removed Pin From Net: NetName=NetC40_2 Pin=U6-12
Removed Pin From Net: NetName=NetR8_1 Pin=U6-13
Removed Pin From Net: NetName=SH_B Pin=U6-14
Removed Pin From Net: NetName=NetR21_1 Pin=U6-15
Removed Pin From Net: NetName=NetR9_1 Pin=U6-16
Removed Pin From Net: NetName=SH_C Pin=U6-17
Removed Pin From Net: NetName=NetR22_1 Pin=U6-18
Removed Pin From Net: NetName=NetC41_2 Pin=U6-19
Removed Pin From Net: NetName=NetC41_1 Pin=U6-20
Change Net Name : Old Net Name=NetR4_1 New Net Name=VREF
Added Pin To Net: NetName=NetU6_6 Pin=U6-6
Added Net: Name=NetU6_6
Added Pin To Net: NetName=NetU6_7 Pin=U6-7
Added Net: Name=NetU6_7
Added Pin To Net: NetName=NetU6_8 Pin=U6-8
Added Net: Name=NetU6_8
Added Pin To Net: NetName=NetU6_9 Pin=U6-9
Added Net: Name=NetU6_9
Added Pin To Net: NetName=NetU6_10 Pin=U6-10
Added Net: Name=NetU6_10
Added Pin To Net: NetName=NetU6_11 Pin=U6-11
Added Net: Name=NetU6_11
Added Pin To Net: NetName=NetU6_12 Pin=U6-12
Added Net: Name=NetU6_12
Added Pin To Net: NetName=NetU6_13 Pin=U6-13
Added Net: Name=NetU6_13
Added Pin To Net: NetName=NetU6_14 Pin=U6-14
Added Net: Name=NetU6_14
Added Pin To Net: NetName=NetU6_15 Pin=U6-15
Added Net: Name=NetU6_15
Added Pin To Net: NetName=NetU6_16 Pin=U6-16
Added Net: Name=NetU6_16
Added Pin To Net: NetName=NetU6_17 Pin=U6-17
Added Net: Name=NetU6_17
Added Pin To Net: NetName=NetU6_18 Pin=U6-18
Added Net: Name=NetU6_18
Added Pin To Net: NetName=NetU6_19 Pin=U6-19
Added Net: Name=NetU6_19
Added Pin To Net: NetName=NetU6_20 Pin=U6-20
Added Net: Name=NetU6_20
Added Member To Class: ClassName=Power Member=Component C26 2.2uF
Added Member To Class: ClassName=STM32 Member=Component P3 Header 5
