Removed Pin From Net: NetName=NetU1_2 Pin=U2-40
Removed Pin From Net: NetName=NetU1_1 Pin=U2-41
Added Component: Designator=P?(HDR1X5)
Add component. Clean all parameters for all variants
Add component (AddParameter): Name = "LatestRevisionDate"; Value = "17-Jul-2002"; VariantName = "[No Variations]"
Add component (AddParameter): Name = "LatestRevisionNote"; Value = "Re-released for DXP Platform."; VariantName = "[No Variations]"
Add component (AddParameter): Name = "Publisher"; Value = "Altium Limited"; VariantName = "[No Variations]"
Added Pin To Net: NetName=GND Pin=P?-5
Added Pin To Net: NetName=NetU1_2 Pin=U2-45
Added Pin To Net: NetName=NetU1_1 Pin=U2-46
Added Pin To Net: NetName=5v Pin=P?-1
Added Net: Name=5v
Added Pin To Net: NetName=ENC_A Pin=P?-2
Added Pin To Net: NetName=ENC_A Pin=U2-40
Added Net: Name=ENC_A
Added Pin To Net: NetName=ENC_B Pin=P?-3
Added Pin To Net: NetName=ENC_B Pin=U2-41
Added Net: Name=ENC_B
Added Pin To Net: NetName=ENC_I Pin=P?-4
Added Pin To Net: NetName=ENC_I Pin=U2-21
Added Net: Name=ENC_I
Added Member To Class: ClassName=STM32 Member=Component P? Header 5
