Removed Pin From Net: NetName=3v3 Pin=C25-1
Removed Pin From Net: NetName=GND Pin=C25-2
Removed Pin From Net: NetName=VBUS Pin=C26-1
Removed Pin From Net: NetName=GND Pin=C26-2
Removed Pin From Net: NetName=GND Pin=D9-1
Removed Pin From Net: NetName=3v3 Pin=L1-2
Removed Pin From Net: NetName=3v3 Pin=R26-1
Removed Pin From Net: NetName=3v3 Pin=R27-1
Removed Pin From Net: NetName=GND Pin=R28-2
Removed Pin From Net: NetName=3v3 Pin=R29-1
Removed Pin From Net: NetName=GND Pin=U3-1
Removed Pin From Net: NetName=VBUS Pin=U3-2
Removed Pin From Net: NetName=VBUS Pin=U3-3
Removed Pin From Net: NetName=GND Pin=U3-4
Removed Pin From Net: NetName=GND Pin=U3-6
Removed Pin From Net: NetName=3v3 Pin=U3-8
Removed Pin From Net: NetName=3v3 Pin=U3-10
Removed Pin From Net: NetName=GND Pin=U3-11
Added Component: Designator=C42(electrolytic)
Add component. Clean all parameters for all variants
Added Component: Designator=C43(electrolytic)
Add component. Clean all parameters for all variants
Added Component: Designator=C44(electrolytic)
Add component. Clean all parameters for all variants
Added Pin To Net: NetName=VBUS Pin=C42-1
Added Pin To Net: NetName=GND Pin=C42-2
Added Pin To Net: NetName=VBUS Pin=C43-1
Added Pin To Net: NetName=GND Pin=C43-2
Added Pin To Net: NetName=VBUS Pin=C44-1
Added Pin To Net: NetName=GND Pin=C44-2
Added Member To Class: ClassName=MOSFETS Member=Component C42 100uF
Added Member To Class: ClassName=MOSFETS Member=Component C43 100uF
Added Member To Class: ClassName=MOSFETS Member=Component C44 100uF
