Change Net Name : Old Net Name=NetC36_1 New Net Name=ASENSE
Change Net Name : Old Net Name=NetC37_1 New Net Name=BSENSE
Change Net Name : Old Net Name=NetC38_1 New Net Name=CSENSE
Change Net Name : Old Net Name=NetC39_1 New Net Name=SN1
Change Net Name : Old Net Name=NetC39_2 New Net Name=SP1
Change Net Name : Old Net Name=NetC40_1 New Net Name=SN2
Change Net Name : Old Net Name=NetC40_2 New Net Name=SP2
Change Net Name : Old Net Name=NetC41_1 New Net Name=SN3
Change Net Name : Old Net Name=NetC41_2 New Net Name=SP3
Change Net Name : Old Net Name=NetR7_1 New Net Name=GH_A
Change Net Name : Old Net Name=NetR8_1 New Net Name=GH_B
Change Net Name : Old Net Name=NetR9_1 New Net Name=GH_C
Change Net Name : Old Net Name=NetR20_1 New Net Name=GL_A
Change Net Name : Old Net Name=NetR21_1 New Net Name=GL_B
Change Net Name : Old Net Name=NetR22_1 New Net Name=GL_C
Change Net Name : Old Net Name=NetU2_10 New Net Name=SOC
Change Net Name : Old Net Name=NetU2_14 New Net Name=SPI.nSCS
Change Net Name : Old Net Name=NetU2_15 New Net Name=SPI.SCLK
Change Net Name : Old Net Name=NetU2_16 New Net Name=SPI.MISO
Change Net Name : Old Net Name=NetU2_17 New Net Name=SPI.MOSI
Change Net Name : Old Net Name=NetU2_18 New Net Name=SOA
Change Net Name : Old Net Name=NetU2_19 New Net Name=SOB
Change Net Name : Old Net Name=NetU2_43 New Net Name=ENABLE
Change Net Name : Old Net Name=NetU2_45 New Net Name=CAL
Change Net Name : Old Net Name=NetU2_46 New Net Name=nFAULT
Change Net Name : Old Net Name=NetU6_6 New Net Name=GHA
Change Net Name : Old Net Name=NetU6_7 New Net Name=SHA
Change Net Name : Old Net Name=NetU6_8 New Net Name=GLA
Change Net Name : Old Net Name=NetU6_9 New Net Name=SPA
Change Net Name : Old Net Name=NetU6_10 New Net Name=SNA
Change Net Name : Old Net Name=NetU6_11 New Net Name=SNB
Change Net Name : Old Net Name=NetU6_12 New Net Name=SPB
Change Net Name : Old Net Name=NetU6_13 New Net Name=GHB
Change Net Name : Old Net Name=NetU6_14 New Net Name=SHB
Change Net Name : Old Net Name=NetU6_15 New Net Name=GLB
Change Net Name : Old Net Name=NetU6_16 New Net Name=GHC
Change Net Name : Old Net Name=NetU6_17 New Net Name=SHC
Change Net Name : Old Net Name=NetU6_18 New Net Name=GLC
Change Net Name : Old Net Name=NetU6_19 New Net Name=SPC
Change Net Name : Old Net Name=NetU6_20 New Net Name=SNC
Change Net Name : Old Net Name=NetU6_26 New Net Name=SPI.SDO
Change Net Name : Old Net Name=NetU6_27 New Net Name=SPI.SDI
