Removed Pin From Net: NetName=ASENSE Pin=C36-1
Removed Pin From Net: NetName=GND Pin=C36-2
Removed Pin From Net: NetName=BSENSE Pin=C37-1
Removed Pin From Net: NetName=GND Pin=C37-2
Removed Pin From Net: NetName=CSENSE Pin=C38-1
Removed Pin From Net: NetName=GND Pin=C38-2
Removed Pin From Net: NetName=ENABLE Pin=R14-1
Removed Pin From Net: NetName=NetD1_2 Pin=R14-2
Removed Pin From Net: NetName=LED_FAULT Pin=R15-1
Removed Pin From Net: NetName=NetD2_2 Pin=R15-2
Change Component Footprint: Designator=C14 Old Footprint=RESC0603(1608)_N New Footprint=CAP0402(1005)_N
Change Component Footprint: Designator=C15 Old Footprint=RESC0603(1608)_N New Footprint=CAP0402(1005)_N
Change Component Footprint: Designator=C16 Old Footprint=RESC0603(1608)_N New Footprint=CAP0402(1005)_N
Change Component Footprint: Designator=C17 Old Footprint=RESC0603(1608)_N New Footprint=CAP0402(1005)_N
Change Component Footprint: Designator=C18 Old Footprint=RESC0603(1608)_N New Footprint=CAP0402(1005)_N
Change Component Footprint: Designator=C19 Old Footprint=RESC0603(1608)_N New Footprint=CAP0402(1005)_N
Change Component Footprint: Designator=C20 Old Footprint=RESC0603(1608)_N New Footprint=CAP0402(1005)_N
Change Component Footprint: Designator=C36 Old Footprint=RESC0603(1608)_N New Footprint=CAP0402(1005)_N
Change Component Footprint: Designator=C37 Old Footprint=RESC0603(1608)_N New Footprint=CAP0402(1005)_N
Change Component Footprint: Designator=C38 Old Footprint=RESC0603(1608)_N New Footprint=CAP0402(1005)_N
Change Component Footprint: Designator=R4 Old Footprint=RESC0603(1608)_N New Footprint=RESC0402(1005)_N
Change Component Footprint: Designator=R5 Old Footprint=RESC0603(1608)_N New Footprint=RESC0402(1005)_N
Change Component Footprint: Designator=R6 Old Footprint=RESC0603(1608)_N New Footprint=RESC0402(1005)_N
Change Component Footprint: Designator=R14 Old Footprint=RESC0603(1608)_N New Footprint=RESC0402(1005)_N
Change Component Footprint: Designator=R15 Old Footprint=RESC0603(1608)_N New Footprint=RESC0402(1005)_N
Change Component Footprint: Designator=R16 Old Footprint=RESC0603(1608)_N New Footprint=RESC0402(1005)_N
Change Component Footprint: Designator=R17 Old Footprint=RESC0603(1608)_N New Footprint=RESC0402(1005)_N
Change Component Footprint: Designator=R18 Old Footprint=RESC0603(1608)_N New Footprint=RESC0402(1005)_N
Change Component Footprint: Designator=R19 Old Footprint=RESC0603(1608)_N New Footprint=RESC0402(1005)_N
Change Component Footprint: Designator=R23 Old Footprint=RESC0603(1608)_N New Footprint=RESC0402(1005)_N
Change Component Footprint: Designator=R24 Old Footprint=RESC0603(1608)_N New Footprint=RESC0402(1005)_N
Change Component Comment : Designator=C36 Old Comment=0.1uF New Comment=100nF
Change Component Comment : Designator=C37 Old Comment=0.1uF New Comment=100nF
Change Component Comment : Designator=C38 Old Comment=0.1uF New Comment=100nF
Change Component Comment : Designator=R14 Old Comment=1KR New Comment=1K
Change Component Comment : Designator=R15 Old Comment=1KR New Comment=1K
Change Component Comment : Designator=R19 Old Comment=1KR New Comment=1K
Change Component Comment : Designator=R16 Old Comment=10KR New Comment=10K
Change Component Comment : Designator=R18 Old Comment=10KR New Comment=10K
Change Component Comment : Designator=R24 Old Comment=10KR New Comment=10K
Change Component Comment : Designator=R6 Old Comment=68KR New Comment=68K
Change Component Comment : Designator=R17 Old Comment=68KR New Comment=68K
Change Component Comment : Designator=R23 Old Comment=68KR New Comment=68K
Change component parameters: Designator = "R4"; Footprint = "RESC0402(1005)_N"; UniqueID = "\HIHAWDHK\YKNUAAHO"
Change component parameters. Clean all parameters for all variants
Change component parameters (AddParameter): Name = "Digikey Part Number"; Value = ""; VariantName = "[No Variations]"
Change component parameters (AddParameter): Name = "Manufacturer"; Value = ""; VariantName = "[No Variations]"
Change component parameters (AddParameter): Name = "Mounting Technology"; Value = "Surface Mount"; VariantName = "[No Variations]"
Change component parameters (AddParameter): Name = "Part"; Value = "res_generic"; VariantName = "[No Variations]"
Change component parameters (AddParameter): Name = "PartNumber"; Value = ""; VariantName = "[No Variations]"
Change component parameters (AddParameter): Name = "PartValue"; Value = "1K"; VariantName = "[No Variations]"
Change component parameters: Designator = "R5"; Footprint = "RESC0402(1005)_N"; UniqueID = "\HIHAWDHK\OQMCKWZJ"
Change component parameters. Clean all parameters for all variants
Change component parameters (AddParameter): Name = "Digikey Part Number"; Value = ""; VariantName = "[No Variations]"
Change component parameters (AddParameter): Name = "Manufacturer"; Value = ""; VariantName = "[No Variations]"
Change component parameters (AddParameter): Name = "Mounting Technology"; Value = "Surface Mount"; VariantName = "[No Variations]"
Change component parameters (AddParameter): Name = "Part"; Value = "res_generic"; VariantName = "[No Variations]"
Change component parameters (AddParameter): Name = "PartNumber"; Value = ""; VariantName = "[No Variations]"
Change component parameters (AddParameter): Name = "PartValue"; Value = "1K"; VariantName = "[No Variations]"
Change component parameters: Designator = "C14"; Footprint = "CAP0402(1005)_N"; UniqueID = "\IVNEBFGH\QHFKFEXS"
Change component parameters. Clean all parameters for all variants
Change component parameters (AddParameter): Name = "Mounting Technology"; Value = "Surface Mount"; VariantName = "[No Variations]"
Change component parameters (AddParameter): Name = "Part"; Value = "cap_generic"; VariantName = "[No Variations]"
Change component parameters (AddParameter): Name = "PartValue"; Value = "100nF"; VariantName = "[No Variations]"
Change component parameters: Designator = "C15"; Footprint = "CAP0402(1005)_N"; UniqueID = "\IVNEBFGH\LZATJJZI"
Change component parameters. Clean all parameters for all variants
Change component parameters (AddParameter): Name = "Mounting Technology"; Value = "Surface Mount"; VariantName = "[No Variations]"
Change component parameters (AddParameter): Name = "Part"; Value = "cap_generic"; VariantName = "[No Variations]"
Change component parameters (AddParameter): Name = "PartValue"; Value = "1uF"; VariantName = "[No Variations]"
Change component parameters: Designator = "C16"; Footprint = "CAP0402(1005)_N"; UniqueID = "\IVNEBFGH\VYLRFQPI"
Change component parameters. Clean all parameters for all variants
Change component parameters (AddParameter): Name = "Mounting Technology"; Value = "Surface Mount"; VariantName = "[No Variations]"
Change component parameters (AddParameter): Name = "Part"; Value = "cap_generic"; VariantName = "[No Variations]"
Change component parameters (AddParameter): Name = "PartValue"; Value = "100nF"; VariantName = "[No Variations]"
Change component parameters: Designator = "C17"; Footprint = "CAP0402(1005)_N"; UniqueID = "\IVNEBFGH\ILGTISKC"
Change component parameters. Clean all parameters for all variants
Change component parameters (AddParameter): Name = "Mounting Technology"; Value = "Surface Mount"; VariantName = "[No Variations]"
Change component parameters (AddParameter): Name = "Part"; Value = "cap_generic"; VariantName = "[No Variations]"
Change component parameters (AddParameter): Name = "PartValue"; Value = "100nF"; VariantName = "[No Variations]"
Change component parameters: Designator = "C18"; Footprint = "CAP0402(1005)_N"; UniqueID = "\IVNEBFGH\IKEZMBHC"
Change component parameters. Clean all parameters for all variants
Change component parameters (AddParameter): Name = "Mounting Technology"; Value = "Surface Mount"; VariantName = "[No Variations]"
Change component parameters (AddParameter): Name = "Part"; Value = "cap_generic"; VariantName = "[No Variations]"
Change component parameters (AddParameter): Name = "PartValue"; Value = "100nF"; VariantName = "[No Variations]"
Change component parameters: Designator = "C19"; Footprint = "CAP0402(1005)_N"; UniqueID = "\IVNEBFGH\KHLXNYSY"
Change component parameters. Clean all parameters for all variants
Change component parameters (AddParameter): Name = "Mounting Technology"; Value = "Surface Mount"; VariantName = "[No Variations]"
Change component parameters (AddParameter): Name = "Part"; Value = "cap_generic"; VariantName = "[No Variations]"
Change component parameters (AddParameter): Name = "PartValue"; Value = "10uF"; VariantName = "[No Variations]"
Change component parameters: Designator = "C20"; Footprint = "CAP0402(1005)_N"; UniqueID = "\IVNEBFGH\NTMNIKDH"
Change component parameters. Clean all parameters for all variants
Change component parameters (AddParameter): Name = "Mounting Technology"; Value = "Surface Mount"; VariantName = "[No Variations]"
Change component parameters (AddParameter): Name = "Part"; Value = "cap_generic"; VariantName = "[No Variations]"
Change component parameters (AddParameter): Name = "PartValue"; Value = "100nF"; VariantName = "[No Variations]"
Change component parameters: Designator = "C36"; Footprint = "CAP0402(1005)_N"; UniqueID = "\MZYISTOO\AORDQHOY"
Change component parameters. Clean all parameters for all variants
Change component parameters (AddParameter): Name = "Mounting Technology"; Value = "Surface Mount"; VariantName = "[No Variations]"
Change component parameters (AddParameter): Name = "Part"; Value = "cap_generic"; VariantName = "[No Variations]"
Change component parameters (AddParameter): Name = "PartValue"; Value = "100nF"; VariantName = "[No Variations]"
Change component parameters: Designator = "C37"; Footprint = "CAP0402(1005)_N"; UniqueID = "\MZYISTOO\QFMDKIGT"
Change component parameters. Clean all parameters for all variants
Change component parameters (AddParameter): Name = "Mounting Technology"; Value = "Surface Mount"; VariantName = "[No Variations]"
Change component parameters (AddParameter): Name = "Part"; Value = "cap_generic"; VariantName = "[No Variations]"
Change component parameters (AddParameter): Name = "PartValue"; Value = "100nF"; VariantName = "[No Variations]"
Change component parameters: Designator = "C38"; Footprint = "CAP0402(1005)_N"; UniqueID = "\MZYISTOO\LPQLIOMZ"
Change component parameters. Clean all parameters for all variants
Change component parameters (AddParameter): Name = "Mounting Technology"; Value = "Surface Mount"; VariantName = "[No Variations]"
Change component parameters (AddParameter): Name = "Part"; Value = "cap_generic"; VariantName = "[No Variations]"
Change component parameters (AddParameter): Name = "PartValue"; Value = "100nF"; VariantName = "[No Variations]"
Change component parameters: Designator = "R6"; Footprint = "RESC0402(1005)_N"; UniqueID = "\MZYISTOO\BVVMLICG"
Change component parameters. Clean all parameters for all variants
Change component parameters (AddParameter): Name = "Digikey Part Number"; Value = ""; VariantName = "[No Variations]"
Change component parameters (AddParameter): Name = "Manufacturer"; Value = ""; VariantName = "[No Variations]"
Change component parameters (AddParameter): Name = "Mounting Technology"; Value = "Surface Mount"; VariantName = "[No Variations]"
Change component parameters (AddParameter): Name = "Part"; Value = "res_generic"; VariantName = "[No Variations]"
Change component parameters (AddParameter): Name = "PartNumber"; Value = ""; VariantName = "[No Variations]"
Change component parameters (AddParameter): Name = "PartValue"; Value = "68K"; VariantName = "[No Variations]"
Change component parameters: Designator = "R14"; Footprint = "RESC0402(1005)_N"; UniqueID = "\IVNEBFGH\CWUJZZXQ"
Change component parameters. Clean all parameters for all variants
Change component parameters (AddParameter): Name = "Digikey Part Number"; Value = ""; VariantName = "[No Variations]"
Change component parameters (AddParameter): Name = "Manufacturer"; Value = ""; VariantName = "[No Variations]"
Change component parameters (AddParameter): Name = "Mounting Technology"; Value = "Surface Mount"; VariantName = "[No Variations]"
Change component parameters (AddParameter): Name = "Part"; Value = "res_generic"; VariantName = "[No Variations]"
Change component parameters (AddParameter): Name = "PartNumber"; Value = ""; VariantName = "[No Variations]"
Change component parameters (AddParameter): Name = "PartValue"; Value = "1K"; VariantName = "[No Variations]"
Change component parameters: Designator = "R15"; Footprint = "RESC0402(1005)_N"; UniqueID = "\IVNEBFGH\AEWIGKUP"
Change component parameters. Clean all parameters for all variants
Change component parameters (AddParameter): Name = "Digikey Part Number"; Value = ""; VariantName = "[No Variations]"
Change component parameters (AddParameter): Name = "Manufacturer"; Value = ""; VariantName = "[No Variations]"
Change component parameters (AddParameter): Name = "Mounting Technology"; Value = "Surface Mount"; VariantName = "[No Variations]"
Change component parameters (AddParameter): Name = "Part"; Value = "res_generic"; VariantName = "[No Variations]"
Change component parameters (AddParameter): Name = "PartNumber"; Value = ""; VariantName = "[No Variations]"
Change component parameters (AddParameter): Name = "PartValue"; Value = "1K"; VariantName = "[No Variations]"
Change component parameters: Designator = "R16"; Footprint = "RESC0402(1005)_N"; UniqueID = "\MZYISTOO\CSRVXTSO"
Change component parameters. Clean all parameters for all variants
Change component parameters (AddParameter): Name = "Digikey Part Number"; Value = ""; VariantName = "[No Variations]"
Change component parameters (AddParameter): Name = "Manufacturer"; Value = ""; VariantName = "[No Variations]"
Change component parameters (AddParameter): Name = "Mounting Technology"; Value = "Surface Mount"; VariantName = "[No Variations]"
Change component parameters (AddParameter): Name = "Part"; Value = "res_generic"; VariantName = "[No Variations]"
Change component parameters (AddParameter): Name = "PartNumber"; Value = ""; VariantName = "[No Variations]"
Change component parameters (AddParameter): Name = "PartValue"; Value = "10K"; VariantName = "[No Variations]"
Change component parameters: Designator = "R17"; Footprint = "RESC0402(1005)_N"; UniqueID = "\MZYISTOO\NZWBTXNC"
Change component parameters. Clean all parameters for all variants
Change component parameters (AddParameter): Name = "Digikey Part Number"; Value = ""; VariantName = "[No Variations]"
Change component parameters (AddParameter): Name = "Manufacturer"; Value = ""; VariantName = "[No Variations]"
Change component parameters (AddParameter): Name = "Mounting Technology"; Value = "Surface Mount"; VariantName = "[No Variations]"
Change component parameters (AddParameter): Name = "Part"; Value = "res_generic"; VariantName = "[No Variations]"
Change component parameters (AddParameter): Name = "PartNumber"; Value = ""; VariantName = "[No Variations]"
Change component parameters (AddParameter): Name = "PartValue"; Value = "68K"; VariantName = "[No Variations]"
Change component parameters: Designator = "R18"; Footprint = "RESC0402(1005)_N"; UniqueID = "\MZYISTOO\FLNCBEBZ"
Change component parameters. Clean all parameters for all variants
Change component parameters (AddParameter): Name = "Digikey Part Number"; Value = ""; VariantName = "[No Variations]"
Change component parameters (AddParameter): Name = "Manufacturer"; Value = ""; VariantName = "[No Variations]"
Change component parameters (AddParameter): Name = "Mounting Technology"; Value = "Surface Mount"; VariantName = "[No Variations]"
Change component parameters (AddParameter): Name = "Part"; Value = "res_generic"; VariantName = "[No Variations]"
Change component parameters (AddParameter): Name = "PartNumber"; Value = ""; VariantName = "[No Variations]"
Change component parameters (AddParameter): Name = "PartValue"; Value = "10K"; VariantName = "[No Variations]"
Change component parameters: Designator = "R19"; Footprint = "RESC0402(1005)_N"; UniqueID = "\IVNEBFGH\GCQTPBZB"
Change component parameters. Clean all parameters for all variants
Change component parameters (AddParameter): Name = "Digikey Part Number"; Value = ""; VariantName = "[No Variations]"
Change component parameters (AddParameter): Name = "Manufacturer"; Value = ""; VariantName = "[No Variations]"
Change component parameters (AddParameter): Name = "Mounting Technology"; Value = "Surface Mount"; VariantName = "[No Variations]"
Change component parameters (AddParameter): Name = "Part"; Value = "res_generic"; VariantName = "[No Variations]"
Change component parameters (AddParameter): Name = "PartNumber"; Value = ""; VariantName = "[No Variations]"
Change component parameters (AddParameter): Name = "PartValue"; Value = "1K"; VariantName = "[No Variations]"
Change component parameters: Designator = "R23"; Footprint = "RESC0402(1005)_N"; UniqueID = "\MZYISTOO\EXZBCLBC"
Change component parameters. Clean all parameters for all variants
Change component parameters (AddParameter): Name = "Digikey Part Number"; Value = ""; VariantName = "[No Variations]"
Change component parameters (AddParameter): Name = "Manufacturer"; Value = ""; VariantName = "[No Variations]"
Change component parameters (AddParameter): Name = "Mounting Technology"; Value = "Surface Mount"; VariantName = "[No Variations]"
Change component parameters (AddParameter): Name = "Part"; Value = "res_generic"; VariantName = "[No Variations]"
Change component parameters (AddParameter): Name = "PartNumber"; Value = ""; VariantName = "[No Variations]"
Change component parameters (AddParameter): Name = "PartValue"; Value = "68K"; VariantName = "[No Variations]"
Change component parameters: Designator = "R24"; Footprint = "RESC0402(1005)_N"; UniqueID = "\MZYISTOO\YHMBJYEK"
Change component parameters. Clean all parameters for all variants
Change component parameters (AddParameter): Name = "Digikey Part Number"; Value = ""; VariantName = "[No Variations]"
Change component parameters (AddParameter): Name = "Manufacturer"; Value = ""; VariantName = "[No Variations]"
Change component parameters (AddParameter): Name = "Mounting Technology"; Value = "Surface Mount"; VariantName = "[No Variations]"
Change component parameters (AddParameter): Name = "Part"; Value = "res_generic"; VariantName = "[No Variations]"
Change component parameters (AddParameter): Name = "PartNumber"; Value = ""; VariantName = "[No Variations]"
Change component parameters (AddParameter): Name = "PartValue"; Value = "10K"; VariantName = "[No Variations]"
Added Pin To Net: NetName=GND Pin=C36-1
Added Pin To Net: NetName=ASENSE Pin=C36-2
Added Pin To Net: NetName=GND Pin=C37-1
Added Pin To Net: NetName=BSENSE Pin=C37-2
Added Pin To Net: NetName=GND Pin=C38-1
Added Pin To Net: NetName=CSENSE Pin=C38-2
Added Pin To Net: NetName=NetD1_2 Pin=R14-1
Added Pin To Net: NetName=ENABLE Pin=R14-2
Added Pin To Net: NetName=NetD2_2 Pin=R15-1
Added Pin To Net: NetName=LED_FAULT Pin=R15-2
