Removed Pin From Net: NetName=GHA Pin=R7-1
Removed Pin From Net: NetName=GHB Pin=R8-1
Removed Pin From Net: NetName=GHC Pin=R9-1
Removed Pin From Net: NetName=GLA Pin=R20-1
Removed Pin From Net: NetName=GLB Pin=R21-1
Removed Pin From Net: NetName=GLC Pin=R22-1
Removed Member From Class: ClassName=MOSFETS Member=R7
Removed Member From Class: ClassName=MOSFETS Member=R8
Removed Member From Class: ClassName=MOSFETS Member=R9
Removed Member From Class: ClassName=MOSFETS Member=R20
Removed Member From Class: ClassName=MOSFETS Member=R21
Removed Member From Class: ClassName=MOSFETS Member=R22
Added Pin To Net: NetName=GHA Pin=Q1-4
Added Pin To Net: NetName=GHA Pin=Q2-4
Added Pin To Net: NetName=GHB Pin=Q3-4
Added Pin To Net: NetName=GHB Pin=Q4-4
Added Pin To Net: NetName=GHC Pin=Q5-4
Added Pin To Net: NetName=GHC Pin=Q6-4
Added Pin To Net: NetName=GLA Pin=Q7-4
Added Pin To Net: NetName=GLA Pin=Q8-4
Added Pin To Net: NetName=GLB Pin=Q9-4
Added Pin To Net: NetName=GLB Pin=Q10-4
Added Pin To Net: NetName=GLC Pin=Q11-4
Added Pin To Net: NetName=GLC Pin=Q12-4
