Added Pin To Net: NetName=SNA Pin=C39-1
Added Pin To Net: NetName=SPA Pin=C39-2
Added Pin To Net: NetName=SNB Pin=C40-1
Added Pin To Net: NetName=SPB Pin=C40-2
Added Pin To Net: NetName=SNC Pin=C41-1
Added Pin To Net: NetName=SPC Pin=C41-2
Added Pin To Net: NetName=GHA Pin=R7-1
Added Pin To Net: NetName=GHB Pin=R8-1
Added Pin To Net: NetName=GHC Pin=R9-1
Added Pin To Net: NetName=GLA Pin=R20-1
Added Pin To Net: NetName=GLB Pin=R21-1
Added Pin To Net: NetName=GLC Pin=R22-1
Added Pin To Net: NetName=SNA Pin=R25-3
Added Pin To Net: NetName=SPA Pin=R25-4
Added Pin To Net: NetName=SNB Pin=R30-3
Added Pin To Net: NetName=SPB Pin=R30-4
Added Pin To Net: NetName=SNC Pin=R31-3
Added Pin To Net: NetName=SPC Pin=R31-4
Added Pin To Net: NetName=SH_A Pin=U6-7
Added Pin To Net: NetName=SH_B Pin=U6-14
Added Pin To Net: NetName=SH_C Pin=U6-17
