Removed Pin From Net: NetName=3v3 Pin=C24-1
Removed Pin From Net: NetName=GND Pin=C24-2
Removed Pin From Net: NetName=VBUS Pin=C25-1
Removed Pin From Net: NetName=3v3 Pin=U3-2
Removed Pin From Net: NetName=3v3 Pin=U3-2
Removed Member From Class: ClassName=Power Member=C24
Change Component Footprint: Designator=D1 Old Footprint=0603 New Footprint=0805
Change Component Footprint: Designator=D2 Old Footprint=0603 New Footprint=0805
Change Component Footprint: Designator=D3 Old Footprint=0603 New Footprint=0805
Change Component Footprint: Designator=D4 Old Footprint=0603 New Footprint=0805
Change Component Footprint: Designator=D5 Old Footprint=0603 New Footprint=0805
Change Component Footprint: Designator=D9 Old Footprint=0603 New Footprint=0805
Change Component Footprint: Designator=U3 Old Footprint=SOT-223 New Footprint=DQC0010A
Change Component Comment : Designator=C25 Old Comment=1uF New Comment=22uF
Change Component Comment : Designator=U3 Old Comment=AZ1117EH New Comment=TPS62175DQCT
Change component parameters: Designator = "U3"; Footprint = "DQC0010A"; UniqueID = "\CDHIYIHG\YNSYXNCO"
Change component parameters. Clean all parameters for all variants
Change component parameters (AddParameter): Name = "Category"; Value = "IntegratedCircuits(ICs)"; VariantName = "[No Variations]"
Change component parameters (AddParameter): Name = "Current - Output"; Value = "500mA"; VariantName = "[No Variations]"
Change component parameters (AddParameter): Name = "Datasheet URL"; Value = "http://www.ti.com/lit/ds/symlink/tps62175.pdf"; VariantName = "[No Variations]"
Change component parameters (AddParameter): Name = "Datasheet Version"; Value = "Rev. C, 07/2015"; VariantName = "[No Variations]"
Change component parameters (AddParameter): Name = "Dynamic Catalog"; Value = "Buck(Step-Down)IC"; VariantName = "[No Variations]"
Change component parameters (AddParameter): Name = "Family"; Value = "PMIC-VoltageRegulators-DCDCSwitchingRegulators"; VariantName = "[No Variations]"
Change component parameters (AddParameter): Name = "Featured Product"; Value = "WEBENCHDesignCenter"; VariantName = "[No Variations]"
Change component parameters (AddParameter): Name = "Frequency - Switching"; Value = "1MHz"; VariantName = "[No Variations]"
Change component parameters (AddParameter): Name = "Manufacturer"; Value = "Texas Instruments"; VariantName = "[No Variations]"
Change component parameters (AddParameter): Name = "Manufacturer URL"; Value = "http://www.ti.com/"; VariantName = "[No Variations]"
Change component parameters (AddParameter): Name = "Mounting Technology"; Value = "SurfaceMount"; VariantName = "[No Variations]"
Change component parameters (AddParameter): Name = "Mounting Type"; Value = ""; VariantName = "[No Variations]"
Change component parameters (AddParameter): Name = "Number of Outputs"; Value = "1"; VariantName = "[No Variations]"
Change component parameters (AddParameter): Name = "Operating Temperature"; Value = "-40°C~85°C"; VariantName = "[No Variations]"
Change component parameters (AddParameter): Name = "Other Names"; Value = "296-35096-2"; VariantName = "[No Variations]"
Change component parameters (AddParameter): Name = "Output Type"; Value = "Adjustable"; VariantName = "[No Variations]"
Change component parameters (AddParameter): Name = "Package / Case"; Value = ""; VariantName = "[No Variations]"
Change component parameters (AddParameter): Name = "Package Description"; Value = "10-Pin Small Outline NO-Lead Package, Body 3 x 2 mm, Pitch 0.5 mm"; VariantName = "[No Variations]"
Change component parameters (AddParameter): Name = "Package Reference"; Value = "DQC10-2400X840TP"; VariantName = "[No Variations]"
Change component parameters (AddParameter): Name = "Packaging"; Value = "Tape&Reel(TR)"; VariantName = "[No Variations]"
Change component parameters (AddParameter): Name = "PWM Type"; Value = "Hybrid"; VariantName = "[No Variations]"
Change component parameters (AddParameter): Name = "Series"; Value = "DCS-Control™"; VariantName = "[No Variations]"
Change component parameters (AddParameter): Name = "Standard Package"; Value = "250"; VariantName = "[No Variations]"
Change component parameters (AddParameter): Name = "Supplier Device Package"; Value = ""; VariantName = "[No Variations]"
Change component parameters (AddParameter): Name = "Synchronous Rectifier"; Value = "Yes"; VariantName = "[No Variations]"
Change component parameters (AddParameter): Name = "Type"; Value = "Step-Down(Buck)"; VariantName = "[No Variations]"
Change component parameters (AddParameter): Name = "Voltage - Input"; Value = "4.75V~28V"; VariantName = "[No Variations]"
Change component parameters (AddParameter): Name = "Voltage - Output"; Value = "1V~6V"; VariantName = "[No Variations]"
Added Component: Designator=C26(RESC0603(1608)_N)
Add component. Clean all parameters for all variants
Add component (AddParameter): Name = "Digikey Part Number"; Value = ""; VariantName = "[No Variations]"
Add component (AddParameter): Name = "Manufacturer"; Value = ""; VariantName = "[No Variations]"
Add component (AddParameter): Name = "Mounting Technology"; Value = "Surface Mount"; VariantName = "[No Variations]"
Add component (AddParameter): Name = "PartNumber"; Value = ""; VariantName = "[No Variations]"
Added Component: Designator=D10(0805)
Add component. Clean all parameters for all variants
Add component (AddParameter): Name = "Digikey Part Number"; Value = ""; VariantName = "[No Variations]"
Add component (AddParameter): Name = "Manufacturer"; Value = ""; VariantName = "[No Variations]"
Add component (AddParameter): Name = "Mounting Technology"; Value = "Surface Mount"; VariantName = "[No Variations]"
Add component (AddParameter): Name = "PartNumber"; Value = ""; VariantName = "[No Variations]"
Added Component: Designator=D11(SOD523)
Add component. Clean all parameters for all variants
Added Component: Designator=D12(SOD523)
Add component. Clean all parameters for all variants
Added Component: Designator=D13(SOD523)
Add component. Clean all parameters for all variants
Added Component: Designator=D14(SOD523)
Add component. Clean all parameters for all variants
Added Component: Designator=D15(SOD523)
Add component. Clean all parameters for all variants
Added Component: Designator=D16(SOD523)
Add component. Clean all parameters for all variants
Added Component: Designator=L?(NR4018T100M)
Add component. Clean all parameters for all variants
Add component (AddParameter): Name = "ComponentLink1Description"; Value = "datasheet"; VariantName = "[No Variations]"
Add component (AddParameter): Name = "ComponentLink1URL"; Value = "https://www.yuden.co.jp/productdata/catalog/wound04_e.pdf"; VariantName = "[No Variations]"
Add component (AddParameter): Name = "ComponentLink2Description"; Value = "digikey"; VariantName = "[No Variations]"
Add component (AddParameter): Name = "ComponentLink2URL"; Value = "https://www.digikey.com.au/product-detail/en/taiyo-yuden/NR4018T100M/587-1664-1-ND/1008279"; VariantName = "[No Variations]"
Added Component: Designator=R26(RESC0603(1608)_N)
Add component. Clean all parameters for all variants
Add component (AddParameter): Name = "ComponentLink1Description"; Value = "Land patterns"; VariantName = "[No Variations]"
Add component (AddParameter): Name = "ComponentLink1URL"; Value = "https://www.vishay.com/docs/60119/landpatterns.pdf"; VariantName = "[No Variations]"
Add component (AddParameter): Name = "ComponentLink2Description"; Value = "1k digikey"; VariantName = "[No Variations]"
Add component (AddParameter): Name = "ComponentLink2URL"; Value = "https://www.digikey.com.au/product-detail/en/yageo/RC0603JR-071KL/311-1.0KGRCT-ND/729624"; VariantName = "[No Variations]"
Add component (AddParameter): Name = "ComponentLink3Description"; Value = "shunt digikey"; VariantName = "[No Variations]"
Add component (AddParameter): Name = "ComponentLink3URL"; Value = "https://www.digikey.com.au/product-detail/en/yageo/PF1206FRF070R02L/311-0.02AJCT-ND/2178365"; VariantName = "[No Variations]"
Add component (AddParameter): Name = "Digikey Part Number"; Value = ""; VariantName = "[No Variations]"
Add component (AddParameter): Name = "Manufacturer"; Value = ""; VariantName = "[No Variations]"
Add component (AddParameter): Name = "Mounting Technology"; Value = "Surface Mount"; VariantName = "[No Variations]"
Add component (AddParameter): Name = "PartNumber"; Value = ""; VariantName = "[No Variations]"
Added Component: Designator=R27(RESC0603(1608)_N)
Add component. Clean all parameters for all variants
Add component (AddParameter): Name = "ComponentLink1Description"; Value = "Land patterns"; VariantName = "[No Variations]"
Add component (AddParameter): Name = "ComponentLink1URL"; Value = "https://www.vishay.com/docs/60119/landpatterns.pdf"; VariantName = "[No Variations]"
Add component (AddParameter): Name = "ComponentLink2Description"; Value = "1k digikey"; VariantName = "[No Variations]"
Add component (AddParameter): Name = "ComponentLink2URL"; Value = "https://www.digikey.com.au/product-detail/en/yageo/RC0603JR-071KL/311-1.0KGRCT-ND/729624"; VariantName = "[No Variations]"
Add component (AddParameter): Name = "ComponentLink3Description"; Value = "shunt digikey"; VariantName = "[No Variations]"
Add component (AddParameter): Name = "ComponentLink3URL"; Value = "https://www.digikey.com.au/product-detail/en/yageo/PF1206FRF070R02L/311-0.02AJCT-ND/2178365"; VariantName = "[No Variations]"
Add component (AddParameter): Name = "Digikey Part Number"; Value = ""; VariantName = "[No Variations]"
Add component (AddParameter): Name = "Manufacturer"; Value = ""; VariantName = "[No Variations]"
Add component (AddParameter): Name = "Mounting Technology"; Value = "Surface Mount"; VariantName = "[No Variations]"
Add component (AddParameter): Name = "PartNumber"; Value = ""; VariantName = "[No Variations]"
Added Component: Designator=R28(RESC0603(1608)_N)
Add component. Clean all parameters for all variants
Add component (AddParameter): Name = "ComponentLink1Description"; Value = "Land patterns"; VariantName = "[No Variations]"
Add component (AddParameter): Name = "ComponentLink1URL"; Value = "https://www.vishay.com/docs/60119/landpatterns.pdf"; VariantName = "[No Variations]"
Add component (AddParameter): Name = "ComponentLink2Description"; Value = "1k digikey"; VariantName = "[No Variations]"
Add component (AddParameter): Name = "ComponentLink2URL"; Value = "https://www.digikey.com.au/product-detail/en/yageo/RC0603JR-071KL/311-1.0KGRCT-ND/729624"; VariantName = "[No Variations]"
Add component (AddParameter): Name = "ComponentLink3Description"; Value = "shunt digikey"; VariantName = "[No Variations]"
Add component (AddParameter): Name = "ComponentLink3URL"; Value = "https://www.digikey.com.au/product-detail/en/yageo/PF1206FRF070R02L/311-0.02AJCT-ND/2178365"; VariantName = "[No Variations]"
Add component (AddParameter): Name = "Digikey Part Number"; Value = ""; VariantName = "[No Variations]"
Add component (AddParameter): Name = "Manufacturer"; Value = ""; VariantName = "[No Variations]"
Add component (AddParameter): Name = "Mounting Technology"; Value = "Surface Mount"; VariantName = "[No Variations]"
Add component (AddParameter): Name = "PartNumber"; Value = ""; VariantName = "[No Variations]"
Added Component: Designator=R30(RESC0603(1608)_N)
Add component. Clean all parameters for all variants
Add component (AddParameter): Name = "ComponentLink1Description"; Value = "Land patterns"; VariantName = "[No Variations]"
Add component (AddParameter): Name = "ComponentLink1URL"; Value = "https://www.vishay.com/docs/60119/landpatterns.pdf"; VariantName = "[No Variations]"
Add component (AddParameter): Name = "ComponentLink2Description"; Value = "1k digikey"; VariantName = "[No Variations]"
Add component (AddParameter): Name = "ComponentLink2URL"; Value = "https://www.digikey.com.au/product-detail/en/yageo/RC0603JR-071KL/311-1.0KGRCT-ND/729624"; VariantName = "[No Variations]"
Add component (AddParameter): Name = "ComponentLink3Description"; Value = "shunt digikey"; VariantName = "[No Variations]"
Add component (AddParameter): Name = "ComponentLink3URL"; Value = "https://www.digikey.com.au/product-detail/en/yageo/PF1206FRF070R02L/311-0.02AJCT-ND/2178365"; VariantName = "[No Variations]"
Add component (AddParameter): Name = "Digikey Part Number"; Value = ""; VariantName = "[No Variations]"
Add component (AddParameter): Name = "Manufacturer"; Value = ""; VariantName = "[No Variations]"
Add component (AddParameter): Name = "Mounting Technology"; Value = "Surface Mount"; VariantName = "[No Variations]"
Add component (AddParameter): Name = "PartNumber"; Value = ""; VariantName = "[No Variations]"
Added Pin To Net: NetName=3v3 Pin=C25-1
Added Pin To Net: NetName=VBUS Pin=C26-1
Added Pin To Net: NetName=GND Pin=C26-2
Added Pin To Net: NetName=GND Pin=D10-1
Added Pin To Net: NetName=VBUS Pin=D11-1
Added Pin To Net: NetName=SH_A Pin=D11-2
Added Pin To Net: NetName=VBUS Pin=D12-1
Added Pin To Net: NetName=SH_B Pin=D12-2
Added Pin To Net: NetName=VBUS Pin=D13-1
Added Pin To Net: NetName=SH_C Pin=D13-2
Added Pin To Net: NetName=SH_A Pin=D14-1
Added Pin To Net: NetName=SL_A Pin=D14-2
Added Pin To Net: NetName=SH_B Pin=D15-1
Added Pin To Net: NetName=SL_B Pin=D15-2
Added Pin To Net: NetName=SH_C Pin=D16-1
Added Pin To Net: NetName=GND Pin=D16-2
Added Pin To Net: NetName=3v3 Pin=L?-2
Added Pin To Net: NetName=3v3 Pin=R26-1
Added Pin To Net: NetName=3v3 Pin=R27-1
Added Pin To Net: NetName=GND Pin=R28-2
Added Pin To Net: NetName=VBUS Pin=R30-1
Added Pin To Net: NetName=VBUS Pin=U3-2
Added Pin To Net: NetName=GND Pin=U3-4
Added Pin To Net: NetName=GND Pin=U3-6
Added Pin To Net: NetName=3v3 Pin=U3-8
Added Pin To Net: NetName=3v3 Pin=U3-10
Added Pin To Net: NetName=GND Pin=U3-11
Added Pin To Net: NetName=NetD10_2 Pin=D10-2
Added Pin To Net: NetName=NetD10_2 Pin=R30-2
Added Net: Name=NetD10_2
Added Pin To Net: NetName=NetL?_1 Pin=L?-1
Added Pin To Net: NetName=NetL?_1 Pin=U3-9
Added Net: Name=NetL?_1
Added Pin To Net: NetName=NetR26_2 Pin=R26-2
Added Pin To Net: NetName=NetR26_2 Pin=R28-1
Added Pin To Net: NetName=NetR26_2 Pin=U3-5
Added Net: Name=NetR26_2
Added Pin To Net: NetName=NetR27_2 Pin=R27-2
Added Pin To Net: NetName=NetR27_2 Pin=U3-7
Added Net: Name=NetR27_2
Added Member To Class: ClassName=Power Member=Component C26 2.2uF
Added Member To Class: ClassName=Power Member=Component D10 LED
Added Member To Class: ClassName=Gate Driver Member=Component D11 Diode_schottky
Added Member To Class: ClassName=Gate Driver Member=Component D12 Diode_schottky
Added Member To Class: ClassName=Gate Driver Member=Component D13 Diode_schottky
Added Member To Class: ClassName=Gate Driver Member=Component D14 Diode_schottky
Added Member To Class: ClassName=Gate Driver Member=Component D15 Diode_schottky
Added Member To Class: ClassName=Gate Driver Member=Component D16 Diode_schottky
Added Member To Class: ClassName=Power Member=Component L? NR4018T100M
Added Member To Class: ClassName=Power Member=Component R26 1.2MR
Added Member To Class: ClassName=Power Member=Component R27 100kR
Added Member To Class: ClassName=Power Member=Component R28 383KR
Added Member To Class: ClassName=Power Member=Component R30 1KR
