Added Component: Designator=U?(STM-LQFP48_N)
Add component. Clean all parameters for all variants
Add component (AddParameter): Name = "A/D Converter"; Value = "2x12-bit (10 Channel)"; VariantName = "[No Variations]"
Add component (AddParameter): Name = "ComponentLink1Description"; Value = "Manufacturer URL"; VariantName = "[No Variations]"
Add component (AddParameter): Name = "ComponentLink1URL"; Value = "http://www.st.com/web/en/home.html"; VariantName = "[No Variations]"
Add component (AddParameter): Name = "ComponentLink2Description"; Value = "Datasheet"; VariantName = "[No Variations]"
Add component (AddParameter): Name = "ComponentLink2URL"; Value = "http://www.st.com/st-web-ui/static/active/en/resource/technical/document/datasheet/CD00161566.pdf"; VariantName = "[No Variations]"
Add component (AddParameter): Name = "ComponentLink3Description"; Value = "Package Specification"; VariantName = "[No Variations]"
Add component (AddParameter): Name = "ComponentLink3URL"; Value = "http://www.st.com/st-web-ui/static/active/en/resource/technical/document/datasheet/DM00058181.pdf"; VariantName = "[No Variations]"
Add component (AddParameter): Name = "Core"; Value = "ARM Cortex-M3"; VariantName = "[No Variations]"
Add component (AddParameter): Name = "DatasheetVersion"; Value = "Rev. 16"; VariantName = "[No Variations]"
Add component (AddParameter): Name = "FLASH Size (Prog) (kB)"; Value = "64"; VariantName = "[No Variations]"
Add component (AddParameter): Name = "I/Os (High Current)"; Value = "37"; VariantName = "[No Variations]"
Add component (AddParameter): Name = "Internal RAM Size (kB)"; Value = "20"; VariantName = "[No Variations]"
Add component (AddParameter): Name = "Mounting Technology"; Value = "Surface Mount"; VariantName = "[No Variations]"
Add component (AddParameter): Name = "Operating Frequency(F) (Processor speed) (MHz)"; Value = "72"; VariantName = "[No Variations]"
Add component (AddParameter): Name = "PackageDescription"; Value = "48-Pin Low Profile Quad Flat Package, 7 x 7 mm Body, 0.5 mm Pitch"; VariantName = "[No Variations]"
Add component (AddParameter): Name = "PackageReference"; Value = "LQFP48"; VariantName = "[No Variations]"
Add component (AddParameter): Name = "PackageVersion"; Value = "Rev. 6, 06/2013"; VariantName = "[No Variations]"
Add component (AddParameter): Name = "Packing"; Value = "Tray"; VariantName = "[No Variations]"
Add component (AddParameter): Name = "PartNumber"; Value = "STM32F103C8T6"; VariantName = "[No Variations]"
Add component (AddParameter): Name = "Supplier 1"; Value = "Digi-Key"; VariantName = "[No Variations]"
Add component (AddParameter): Name = "Supplier 2"; Value = "Farnell"; VariantName = "[No Variations]"
Add component (AddParameter): Name = "Supplier 3"; Value = "Newark"; VariantName = "[No Variations]"
Add component (AddParameter): Name = "Supplier 4"; Value = "Newark"; VariantName = "[No Variations]"
Add component (AddParameter): Name = "Supplier 5"; Value = "Mouser"; VariantName = "[No Variations]"
Add component (AddParameter): Name = "Supplier Part Number 1"; Value = "497-6063-ND"; VariantName = "[No Variations]"
Add component (AddParameter): Name = "Supplier Part Number 2"; Value = "1447637"; VariantName = "[No Variations]"
Add component (AddParameter): Name = "Supplier Part Number 3"; Value = "59M2182"; VariantName = "[No Variations]"
Add component (AddParameter): Name = "Supplier Part Number 4"; Value = "57P1222"; VariantName = "[No Variations]"
Add component (AddParameter): Name = "Supplier Part Number 5"; Value = "511-STM32F103C8T6"; VariantName = "[No Variations]"
Add component (AddParameter): Name = "Supply Voltage(Vcc) min (V)"; Value = "2"; VariantName = "[No Variations]"
Added Component: Designator=U?(STM-LQFP48_N)
Add component. Clean all parameters for all variants
Add component (AddParameter): Name = "A/D Converter"; Value = "2x12-bit (10 Channel)"; VariantName = "[No Variations]"
Add component (AddParameter): Name = "ComponentLink1Description"; Value = "Manufacturer URL"; VariantName = "[No Variations]"
Add component (AddParameter): Name = "ComponentLink1URL"; Value = "http://www.st.com/web/en/home.html"; VariantName = "[No Variations]"
Add component (AddParameter): Name = "ComponentLink2Description"; Value = "Datasheet"; VariantName = "[No Variations]"
Add component (AddParameter): Name = "ComponentLink2URL"; Value = "http://www.st.com/st-web-ui/static/active/en/resource/technical/document/datasheet/CD00161566.pdf"; VariantName = "[No Variations]"
Add component (AddParameter): Name = "ComponentLink3Description"; Value = "Package Specification"; VariantName = "[No Variations]"
Add component (AddParameter): Name = "ComponentLink3URL"; Value = "http://www.st.com/st-web-ui/static/active/en/resource/technical/document/datasheet/DM00058181.pdf"; VariantName = "[No Variations]"
Add component (AddParameter): Name = "Core"; Value = "ARM Cortex-M3"; VariantName = "[No Variations]"
Add component (AddParameter): Name = "DatasheetVersion"; Value = "Rev. 16"; VariantName = "[No Variations]"
Add component (AddParameter): Name = "FLASH Size (Prog) (kB)"; Value = "64"; VariantName = "[No Variations]"
Add component (AddParameter): Name = "I/Os (High Current)"; Value = "37"; VariantName = "[No Variations]"
Add component (AddParameter): Name = "Internal RAM Size (kB)"; Value = "20"; VariantName = "[No Variations]"
Add component (AddParameter): Name = "Mounting Technology"; Value = "Surface Mount"; VariantName = "[No Variations]"
Add component (AddParameter): Name = "Operating Frequency(F) (Processor speed) (MHz)"; Value = "72"; VariantName = "[No Variations]"
Add component (AddParameter): Name = "PackageDescription"; Value = "48-Pin Low Profile Quad Flat Package, 7 x 7 mm Body, 0.5 mm Pitch"; VariantName = "[No Variations]"
Add component (AddParameter): Name = "PackageReference"; Value = "LQFP48"; VariantName = "[No Variations]"
Add component (AddParameter): Name = "PackageVersion"; Value = "Rev. 6, 06/2013"; VariantName = "[No Variations]"
Add component (AddParameter): Name = "Packing"; Value = "Tray"; VariantName = "[No Variations]"
Add component (AddParameter): Name = "PartNumber"; Value = "STM32F103C8T6"; VariantName = "[No Variations]"
Add component (AddParameter): Name = "Supplier 1"; Value = "Digi-Key"; VariantName = "[No Variations]"
Add component (AddParameter): Name = "Supplier 2"; Value = "Farnell"; VariantName = "[No Variations]"
Add component (AddParameter): Name = "Supplier 3"; Value = "Newark"; VariantName = "[No Variations]"
Add component (AddParameter): Name = "Supplier 4"; Value = "Newark"; VariantName = "[No Variations]"
Add component (AddParameter): Name = "Supplier 5"; Value = "Mouser"; VariantName = "[No Variations]"
Add component (AddParameter): Name = "Supplier Part Number 1"; Value = "497-6063-ND"; VariantName = "[No Variations]"
Add component (AddParameter): Name = "Supplier Part Number 2"; Value = "1447637"; VariantName = "[No Variations]"
Add component (AddParameter): Name = "Supplier Part Number 3"; Value = "59M2182"; VariantName = "[No Variations]"
Add component (AddParameter): Name = "Supplier Part Number 4"; Value = "57P1222"; VariantName = "[No Variations]"
Add component (AddParameter): Name = "Supplier Part Number 5"; Value = "511-STM32F103C8T6"; VariantName = "[No Variations]"
Add component (AddParameter): Name = "Supply Voltage(Vcc) min (V)"; Value = "2"; VariantName = "[No Variations]"
Added Pin To Net: NetName=3v3 Pin=U?-1
Added Pin To Net: NetName=nRST Pin=U?-7
Added Pin To Net: NetName=SL_C Pin=U?-8
Added Pin To Net: NetName=3v3 Pin=U?-9
Added Pin To Net: NetName=UART2_Tx Pin=U?-12
Added Pin To Net: NetName=UART2_Rx Pin=U?-13
Added Pin To Net: NetName=SPI1_NSS Pin=U?-14
Added Pin To Net: NetName=SPI1_SCK Pin=U?-15
Added Pin To Net: NetName=SPI1_MISO Pin=U?-16
Added Pin To Net: NetName=SPI1_MOSI Pin=U?-17
Added Pin To Net: NetName=NetC12_1 Pin=U?-18
Added Pin To Net: NetName=NetC13_1 Pin=U?-19
Added Pin To Net: NetName=TIM1_CH3 Pin=U?-21
Added Pin To Net: NetName=LED_FAULT Pin=U?-22
Added Pin To Net: NetName=SL_C Pin=U?-23
Added Pin To Net: NetName=3v3 Pin=U?-24
Added Pin To Net: NetName=TIM1_CH1N Pin=U?-26
Added Pin To Net: NetName=TIM1_CH2N Pin=U?-27
Added Pin To Net: NetName=TIM1_CH3N Pin=U?-28
Added Pin To Net: NetName=SWDIO Pin=U?-34
Added Pin To Net: NetName=SL_C Pin=U?-35
Added Pin To Net: NetName=3v3 Pin=U?-36
Added Pin To Net: NetName=SWCLK Pin=U?-37
Added Pin To Net: NetName=SWO Pin=U?-39
Added Pin To Net: NetName=NetU1_1 Pin=U?-40
Added Pin To Net: NetName=NetU1_2 Pin=U?-41
Added Pin To Net: NetName=NetU1_8 Pin=U?-42
Added Pin To Net: NetName=EN_GATE Pin=U?-43
Added Pin To Net: NetName=NetR?_1 Pin=U?-44
Added Pin To Net: NetName=TIM1_CH1 Pin=U?-45
Added Pin To Net: NetName=TIM1_CH2 Pin=U?-46
Added Pin To Net: NetName=SL_C Pin=U?-47
Added Pin To Net: NetName=3v3 Pin=U?-48
Added Member To Class: ClassName=Gate Driver Member=Component C? 0.1uF
Added Member To Class: ClassName=Gate Driver Member=Component C? 0.1uF
Added Member To Class: ClassName=STM32 Member=Component C? 100nF
Added Member To Class: ClassName=STM32 Member=Component C? 100nF
Added Member To Class: ClassName=STM32 Member=Component C? 100nF
Added Member To Class: ClassName=STM32 Member=Component C? 100nF
Added Member To Class: ClassName=STM32 Member=Component C? 1uF
Added Member To Class: ClassName=STM32 Member=Component C? 10uF
Added Member To Class: ClassName=STM32 Member=Component D? LED
Added Member To Class: ClassName=STM32 Member=Component D? LED
Added Member To Class: ClassName=STM32 Member=Component D? LED
Added Member To Class: ClassName=STM32 Member=Component D? LED
Added Member To Class: ClassName=STM32 Member=Component P? Header 6
Added Member To Class: ClassName=Gate Driver Member=Component R? 10KR
Added Member To Class: ClassName=STM32 Member=Component R? R
Added Member To Class: ClassName=STM32 Member=Component R? 1KR
Added Member To Class: ClassName=STM32 Member=Component R? 1KR
Added Member To Class: ClassName=STM32 Member=Component R? 1KR
Added Member To Class: ClassName=STM32 Member=Component R? 1KR
Added Member To Class: ClassName=STM32 Member=Component U? STM32F103C8T6
Added Member To Class: ClassName=STM32 Member=Component U? STM32F103C8T6
